Using pre-set license
Built from '2022.1/staging' branch; Version is '2022.1.18f1 (8a091f9adba4) revision 9046303'; Using compiler version '192829333'; Build Type 'Release'
OS: 'Windows 10  (10.0.19045) 64bit Professional' Language: 'pl' Physical Memory: 16309 MB
BatchMode: 1, IsHumanControllingUs: 0, StartBugReporterOnCrash: 0, Is64bit: 1, IsPro: 1

COMMAND LINE ARGUMENTS:
C:\Program Files\Unity\Hub\Editor\2022.1.18f1\Editor\Unity.exe
-adb2
-batchMode
-noUpm
-name
AssetImportWorker5
-projectPath
F:/400 HP/PCG Guns
-logFile
Logs/AssetImportWorker5.log
-srvPort
51764
Successfully changed project path to: F:/400 HP/PCG Guns
F:/400 HP/PCG Guns
[UnityMemory] Configuration Parameters - Can be set up in boot.config
    "memorysetup-bucket-allocator-granularity=16"
    "memorysetup-bucket-allocator-bucket-count=8"
    "memorysetup-bucket-allocator-block-size=33554432"
    "memorysetup-bucket-allocator-block-count=8"
    "memorysetup-main-allocator-block-size=16777216"
    "memorysetup-thread-allocator-block-size=16777216"
    "memorysetup-gfx-main-allocator-block-size=16777216"
    "memorysetup-gfx-thread-allocator-block-size=16777216"
    "memorysetup-cache-allocator-block-size=4194304"
    "memorysetup-typetree-allocator-block-size=2097152"
    "memorysetup-profiler-bucket-allocator-granularity=16"
    "memorysetup-profiler-bucket-allocator-bucket-count=8"
    "memorysetup-profiler-bucket-allocator-block-size=33554432"
    "memorysetup-profiler-bucket-allocator-block-count=8"
    "memorysetup-profiler-allocator-block-size=16777216"
    "memorysetup-profiler-editor-allocator-block-size=1048576"
    "memorysetup-temp-allocator-size-main=16777216"
    "memorysetup-job-temp-allocator-block-size=2097152"
    "memorysetup-job-temp-allocator-block-size-background=1048576"
    "memorysetup-job-temp-allocator-reduction-small-platforms=262144"
    "memorysetup-temp-allocator-size-background-worker=32768"
    "memorysetup-temp-allocator-size-job-worker=262144"
    "memorysetup-temp-allocator-size-preload-manager=33554432"
    "memorysetup-temp-allocator-size-nav-mesh-worker=65536"
    "memorysetup-temp-allocator-size-audio-worker=65536"
    "memorysetup-temp-allocator-size-cloud-worker=32768"
    "memorysetup-temp-allocator-size-gi-baking-worker=262144"
    "memorysetup-temp-allocator-size-gfx=262144"
Refreshing native plugins compatible for Editor in 108.97 ms, found 3 plugins.
Preloading 0 native plugins for Editor in 0.00 ms.
Initialize engine version: 2022.1.18f1 (8a091f9adba4)
[Subsystems] Discovering subsystems at path C:/Program Files/Unity/Hub/Editor/2022.1.18f1/Editor/Data/Resources/UnitySubsystems
[Subsystems] Discovering subsystems at path F:/400 HP/PCG Guns/Assets
GfxDevice: creating device client; threaded=0; jobified=0
Direct3D:
    Version:  Direct3D 11.0 [level 11.1]
    Renderer: NVIDIA GeForce RTX 2060 (ID=0x1f08)
    Vendor:   NVIDIA
    VRAM:     5968 MB
    Driver:   31.0.15.3699
Initialize mono
Mono path[0] = 'C:/Program Files/Unity/Hub/Editor/2022.1.18f1/Editor/Data/Managed'
Mono path[1] = 'C:/Program Files/Unity/Hub/Editor/2022.1.18f1/Editor/Data/MonoBleedingEdge/lib/mono/unityjit-win32'
Mono config path = 'C:/Program Files/Unity/Hub/Editor/2022.1.18f1/Editor/Data/MonoBleedingEdge/etc'
Using monoOptions --debugger-agent=transport=dt_socket,embedding=1,server=y,suspend=n,address=127.0.0.1:56196
Begin MonoManager ReloadAssembly
Registering precompiled unity dll's ...
Register platform support module: C:/Program Files/Unity/Hub/Editor/2022.1.18f1/Editor/Data/PlaybackEngines/WindowsStandaloneSupport/UnityEditor.WindowsStandalone.Extensions.dll
Register platform support module: C:/Program Files/Unity/Hub/Editor/2022.1.18f1/Editor/Data/PlaybackEngines/MetroSupport/UnityEditor.UWP.Extensions.dll
Registered in 0.041519 seconds.
Native extension for UWP target not found
Native extension for WindowsStandalone target not found
Refreshing native plugins compatible for Editor in 92.24 ms, found 3 plugins.
Preloading 0 native plugins for Editor in 0.00 ms.
Mono: successfully reloaded assembly
- Completed reload, in  0.910 seconds
Domain Reload Profiling:
	ReloadAssembly (911ms)
		BeginReloadAssembly (138ms)
			ExecutionOrderSort (0ms)
			DisableScriptedObjects (0ms)
			BackupInstance (0ms)
			ReleaseScriptingObjects (0ms)
			CreateAndSetChildDomain (1ms)
		EndReloadAssembly (573ms)
			LoadAssemblies (129ms)
			RebuildTransferFunctionScriptingTraits (0ms)
			SetupTypeCache (136ms)
				TypeCache.Initialize (135ms)
					TypeCache.ScanAssembly (134ms)
				ResolveRequiredComponents (0ms)
			ReleaseScriptCaches (0ms)
			RebuildScriptCaches (37ms)
			SetupLoadedEditorAssemblies (316ms)
				LogAssemblyErrors (0ms)
				InitializePlatformSupportModulesInManaged (23ms)
				SetLoadedEditorAssemblies (7ms)
				RefreshPlugins (92ms)
				BeforeProcessingInitializeOnLoad (1ms)
				ProcessInitializeOnLoadAttributes (139ms)
				ProcessInitializeOnLoadMethodAttributes (53ms)
				AfterProcessingInitializeOnLoad (0ms)
				EditorAssembliesLoaded (0ms)
			ExecutionOrderSort2 (0ms)
			AwakeInstancesAfterBackupRestoration (0ms)
Platform modules already initialized, skipping
Registering precompiled user dll's ...
Registered in 0.007819 seconds.
Begin MonoManager ReloadAssembly
Symbol file LoadedFromMemory doesn't match image F:\400 HP\PCG Guns\Library\PackageCache\com.unity.visualscripting@1.7.8\Editor\VisualScripting.Core\Dependencies\YamlDotNet\Unity.VisualScripting.YamlDotNet.dll
Symbol file LoadedFromMemory doesn't match image F:\400 HP\PCG Guns\Library\PackageCache\com.unity.visualscripting@1.7.8\Editor\VisualScripting.Core\Dependencies\DotNetZip\Unity.VisualScripting.IonicZip.dll
Native extension for UWP target not found
Native extension for WindowsStandalone target not found
Refreshing native plugins compatible for Editor in 0.72 ms, found 3 plugins.
Preloading 0 native plugins for Editor in 0.00 ms.
Mono: successfully reloaded assembly
- Completed reload, in  2.813 seconds
Domain Reload Profiling:
	ReloadAssembly (2814ms)
		BeginReloadAssembly (191ms)
			ExecutionOrderSort (0ms)
			DisableScriptedObjects (6ms)
			BackupInstance (0ms)
			ReleaseScriptingObjects (0ms)
			CreateAndSetChildDomain (24ms)
		EndReloadAssembly (2409ms)
			LoadAssemblies (806ms)
			RebuildTransferFunctionScriptingTraits (0ms)
			SetupTypeCache (369ms)
				TypeCache.Initialize (364ms)
					TypeCache.ScanAssembly (358ms)
				ResolveRequiredComponents (5ms)
			ReleaseScriptCaches (1ms)
			RebuildScriptCaches (68ms)
			SetupLoadedEditorAssemblies (1130ms)
				LogAssemblyErrors (0ms)
				InitializePlatformSupportModulesInManaged (22ms)
				SetLoadedEditorAssemblies (8ms)
				RefreshPlugins (1ms)
				BeforeProcessingInitializeOnLoad (197ms)
				ProcessInitializeOnLoadAttributes (822ms)
				ProcessInitializeOnLoadMethodAttributes (37ms)
				AfterProcessingInitializeOnLoad (43ms)
				EditorAssembliesLoaded (0ms)
			ExecutionOrderSort2 (0ms)
			AwakeInstancesAfterBackupRestoration (16ms)
Platform modules already initialized, skipping
========================================================================
Worker process is ready to serve import requests
Launched and connected shader compiler UnityShaderCompiler.exe after 0.10 seconds
Refreshing native plugins compatible for Editor in 0.77 ms, found 3 plugins.
Preloading 0 native plugins for Editor in 0.00 ms.
Unloading 3821 Unused Serialized files (Serialized files now loaded: 0)
Unloading 27 unused Assets / (115.8 KB). Loaded Objects now: 4282.
Memory consumption went from 0.58 GB to 0.58 GB.
Total: 6.088700 ms (FindLiveObjects: 0.781800 ms CreateObjectMapping: 0.228100 ms MarkObjects: 4.925900 ms  DeleteObjects: 0.151200 ms)

AssetImportParameters requested are different than current active one (requested -> active):
  custom:video-decoder-ogg-theora: a1e56fd34408186e4bbccfd4996cb3dc -> 
  custom:container-muxer-webm: aa71ff27fc2769a1b78a27578f13a17b -> 
  custom:container-demuxer-webm: 4f35f7cbe854078d1ac9338744f61a02 -> 
  custom:video-encoder-webm-vp8: eb34c28f22e8b96e1ab97ce403110664 -> 
  custom:audio-encoder-webm-vorbis: bf7c407c2cedff20999df2af8eb42d56 -> 
  custom:framework-win-MediaFoundation: 216162199b28c13a410421893ffa2e32 -> 
  custom:container-demuxer-ogg: 62fdf1f143b41e24485cea50d1cbac27 -> 
  custom:video-decoder-webm-vp8: 9c59270c3fd7afecdb556c50c9e8de78 -> 
  custom:audio-decoder-ogg-vorbis: bf7c407c2cedff20999df2af8eb42d56 -> 
========================================================================
Received Import Request.
  Time since last request: 501653.662469 seconds.
  path: Assets/Weapons/flamethrower.obj
  artifactKey: Guid(605c61b4d47005948ab7a3524736b875) Importer(815301076,1909f56bfc062723c751e8b465ee728b)
Start importing Assets/Weapons/flamethrower.obj using Guid(605c61b4d47005948ab7a3524736b875) Importer(815301076,1909f56bfc062723c751e8b465ee728b)  -> (artifact id: 'bbe9ea86313784d8fc311c580743dcd0') in 0.517220 seconds 
========================================================================
Received Import Request.
  Time since last request: 0.000029 seconds.
  path: Assets/Weapons/rocketlauncherModern.obj
  artifactKey: Guid(2fb4becc61d15304eb995f08a30eb3b7) Importer(815301076,1909f56bfc062723c751e8b465ee728b)
Start importing Assets/Weapons/rocketlauncherModern.obj using Guid(2fb4becc61d15304eb995f08a30eb3b7) Importer(815301076,1909f56bfc062723c751e8b465ee728b)  -> (artifact id: 'b65ae3f907f6579d525808a31119be2d') in 0.073763 seconds 
========================================================================
Received Import Request.
  Time since last request: 0.000031 seconds.
  path: Assets/Weapons/shotgun.obj
  artifactKey: Guid(25ef084687daa014b8538f35cf0d5aa6) Importer(815301076,1909f56bfc062723c751e8b465ee728b)
Start importing Assets/Weapons/shotgun.obj using Guid(25ef084687daa014b8538f35cf0d5aa6) Importer(815301076,1909f56bfc062723c751e8b465ee728b)  -> (artifact id: '4ee2e7ce68f76182e40bc3c5a0a4f1b0') in 0.077039 seconds 
========================================================================
Received Import Request.
  Time since last request: 0.000025 seconds.
  path: Assets/Weapons/ammo_shotgun.obj
  artifactKey: Guid(43b8c7ada695b7f45a45d997db8243d1) Importer(815301076,1909f56bfc062723c751e8b465ee728b)
Start importing Assets/Weapons/ammo_shotgun.obj using Guid(43b8c7ada695b7f45a45d997db8243d1) Importer(815301076,1909f56bfc062723c751e8b465ee728b)  -> (artifact id: '0adb9c6d2aefcf2f7c52862864ed53fb') in 0.043127 seconds 
========================================================================
Received Import Request.
  Time since last request: 0.000027 seconds.
  path: Assets/Weapons/ammo_machinegun.obj
  artifactKey: Guid(f6f9cbe8c064c444eb97e80e2d2135e3) Importer(815301076,1909f56bfc062723c751e8b465ee728b)
Start importing Assets/Weapons/ammo_machinegun.obj using Guid(f6f9cbe8c064c444eb97e80e2d2135e3) Importer(815301076,1909f56bfc062723c751e8b465ee728b)  -> (artifact id: 'dc70e1d056d71307b248a418fbc7747d') in 0.062362 seconds 
========================================================================
Received Import Request.
  Time since last request: 0.000031 seconds.
  path: Assets/Weapons/knifeRound_sharp.obj
  artifactKey: Guid(93cab1bf72fc9424c89a5bcefd9758ae) Importer(815301076,1909f56bfc062723c751e8b465ee728b)
Start importing Assets/Weapons/knifeRound_sharp.obj using Guid(93cab1bf72fc9424c89a5bcefd9758ae) Importer(815301076,1909f56bfc062723c751e8b465ee728b)  -> (artifact id: '8b4f8cd9ea7f5e87f131f891b4ef9fcb') in 0.030332 seconds 
========================================================================
Received Import Request.
  Time since last request: 0.000037 seconds.
  path: Assets/Weapons/ammo_uzi.obj
  artifactKey: Guid(b58193cc034d80546a969612b95ccf0e) Importer(815301076,1909f56bfc062723c751e8b465ee728b)
Start importing Assets/Weapons/ammo_uzi.obj using Guid(b58193cc034d80546a969612b95ccf0e) Importer(815301076,1909f56bfc062723c751e8b465ee728b)  -> (artifact id: '20036e1709a6a54c351a3375ae6ad244') in 0.044972 seconds 
========================================================================
Received Import Request.
  Time since last request: 0.000025 seconds.
  path: Assets/Weapons/ammo_rocket.obj
  artifactKey: Guid(f004b602fcc6f6e4aa5b75fc0a550467) Importer(815301076,1909f56bfc062723c751e8b465ee728b)
Start importing Assets/Weapons/ammo_rocket.obj using Guid(f004b602fcc6f6e4aa5b75fc0a550467) Importer(815301076,1909f56bfc062723c751e8b465ee728b)  -> (artifact id: '42c9156829c05bb45c3287df9d0e0381') in 0.049172 seconds 
========================================================================
Received Import Request.
  Time since last request: 0.000025 seconds.
  path: Assets/Weapons/grenadeSmoke.obj
  artifactKey: Guid(75202725455bfd64d866095c50483d55) Importer(815301076,1909f56bfc062723c751e8b465ee728b)
Start importing Assets/Weapons/grenadeSmoke.obj using Guid(75202725455bfd64d866095c50483d55) Importer(815301076,1909f56bfc062723c751e8b465ee728b)  -> (artifact id: '21c8040346ee4e9008921d32ca8fa131') in 0.039798 seconds 
========================================================================
Received Import Request.
  Time since last request: 0.000025 seconds.
  path: Assets/Weapons/rocketlauncher.obj
  artifactKey: Guid(4fb74fb21026918458c30bf3c72ab0ed) Importer(815301076,1909f56bfc062723c751e8b465ee728b)
Start importing Assets/Weapons/rocketlauncher.obj using Guid(4fb74fb21026918458c30bf3c72ab0ed) Importer(815301076,1909f56bfc062723c751e8b465ee728b)  -> (artifact id: '41d66955994bbec017a152f1dd60807a') in 0.057778 seconds 
========================================================================
Received Import Request.
  Time since last request: 0.000026 seconds.
  path: Assets/Weapons/uziGold.obj
  artifactKey: Guid(dc47010a5acd0b946b0554ba2e6e5217) Importer(815301076,1909f56bfc062723c751e8b465ee728b)
Start importing Assets/Weapons/uziGold.obj using Guid(dc47010a5acd0b946b0554ba2e6e5217) Importer(815301076,1909f56bfc062723c751e8b465ee728b)  -> (artifact id: 'dc58db1d39bd1a5407e5f99d2344b637') in 0.048576 seconds 
========================================================================
Received Import Request.
  Time since last request: 0.000033 seconds.
  path: Assets/Weapons/flamethrowerHandle.obj
  artifactKey: Guid(ba71d5398907d994192cf0cc9c83c088) Importer(815301076,1909f56bfc062723c751e8b465ee728b)
Start importing Assets/Weapons/flamethrowerHandle.obj using Guid(ba71d5398907d994192cf0cc9c83c088) Importer(815301076,1909f56bfc062723c751e8b465ee728b)  -> (artifact id: 'd4f695bc55f3eb0046fea4fb122dc070') in 0.089200 seconds 
========================================================================
Received Import Request.
  Time since last request: 0.000028 seconds.
  path: Assets/Weapons/rocketlauncherSide.obj
  artifactKey: Guid(3d58fdc0b536ace419b6f92be00fb57a) Importer(815301076,1909f56bfc062723c751e8b465ee728b)
Start importing Assets/Weapons/rocketlauncherSide.obj using Guid(3d58fdc0b536ace419b6f92be00fb57a) Importer(815301076,1909f56bfc062723c751e8b465ee728b)  -> (artifact id: 'c1cf9a17d8ae57ead06235cf2d8f0583') in 0.063554 seconds 
========================================================================
Received Import Request.
  Time since last request: 0.000022 seconds.
  path: Assets/Weapons/ammo_rocketModern.obj
  artifactKey: Guid(40d5093c2a9d61046b66648017192aa9) Importer(815301076,1909f56bfc062723c751e8b465ee728b)
Start importing Assets/Weapons/ammo_rocketModern.obj using Guid(40d5093c2a9d61046b66648017192aa9) Importer(815301076,1909f56bfc062723c751e8b465ee728b)  -> (artifact id: 'ee801db080b574c0287135d2682f9310') in 0.042200 seconds 
========================================================================
Received Import Request.
  Time since last request: 0.000027 seconds.
  path: Assets/Weapons
  artifactKey: Guid(930e7ba10cc72c648b569fa74aa5db53) Importer(815301076,1909f56bfc062723c751e8b465ee728b)
Start importing Assets/Weapons using Guid(930e7ba10cc72c648b569fa74aa5db53) Importer(815301076,1909f56bfc062723c751e8b465ee728b)  -> (artifact id: '244c164fc6dbad6605e0c9cb8715b9a1') in 0.009377 seconds 
Editor requested this worker to shutdown with reason: Scaling down because of idle timeout
AssetImportWorker is now disconnected from the server
Process exiting
Exiting without the bug reporter. Application will terminate with return code 0